Arguments: 
  C:\Program Files\nodejs\node.exe C:\Users\Leopard\AppData\Roaming\npm\node_modules\yarn\bin\yarn.js add express body-parser cors mongoose noodemon

PATH: 
  C:\Windows\system32;C:\Windows;C:\Windows\System32\Wbem;C:\Windows\System32\WindowsPowerShell\v1.0\;C:\Windows\System32\OpenSSH\;C:\Program Files\Git\cmd;C:\Program Files\nodejs\;C:\Program Files\Polyspace\R2021a\runtime\win64;C:\Program Files\Polyspace\R2021a\bin;C:\Program Files\Polyspace\R2021a\polyspace\bin;C:\Users\Leopard\.cargo\bin;C:\Users\Leopard\AppData\Local\Programs\Python\Python38\Scripts\;C:\Users\Leopard\AppData\Local\Programs\Python\Python38\;C:\Users\Leopard\AppData\Local\Microsoft\WindowsApps;;C:\Users\Leopard\AppData\Local\Programs\Microsoft VS Code\bin;C:\Users\Leopard\AppData\Roaming\npm

Yarn version: 
  1.22.17

Node version: 
  14.17.5

Platform: 
  win32 x64

Trace: 
  Error: https://registry.yarnpkg.com/noodemon: Not found
      at Request.params.callback [as _callback] (C:\Users\Leopard\AppData\Roaming\npm\node_modules\yarn\lib\cli.js:67029:18)
      at Request.self.callback (C:\Users\Leopard\AppData\Roaming\npm\node_modules\yarn\lib\cli.js:140883:22)
      at Request.emit (events.js:400:28)
      at Request.<anonymous> (C:\Users\Leopard\AppData\Roaming\npm\node_modules\yarn\lib\cli.js:141855:10)
      at Request.emit (events.js:400:28)
      at IncomingMessage.<anonymous> (C:\Users\Leopard\AppData\Roaming\npm\node_modules\yarn\lib\cli.js:141777:12)
      at Object.onceWrapper (events.js:519:28)
      at IncomingMessage.emit (events.js:412:35)
      at endReadableNT (internal/streams/readable.js:1317:12)
      at processTicksAndRejections (internal/process/task_queues.js:82:21)

npm manifest: 
  {
    "name": "server",
    "version": "1.0.0",
    "main": "index.js",
    "license": "MIT"
  }

yarn manifest: 
  No manifest

Lockfile: 
  No lockfile
